2023-11-11 22:10:13,870:ERROR:Configuration file ../data/config.json not found.
2023-11-11 22:10:13,871:ERROR:Data file ..\training_Data.csv not found.
2023-11-11 22:13:13,319:ERROR:Configuration file ../data/config.json not found.
2023-11-11 22:13:13,320:ERROR:Data file ..\training_Data.csv not found.
2023-11-11 22:13:31,804:ERROR:Configuration file ../data/config.json not found.
2023-11-11 22:14:11,449:ERROR:Data file ..\training_Data.csv not found.
2023-11-11 22:16:03,201:ERROR:Configuration file ../data/config.json not found.
2023-11-11 22:16:03,201:ERROR:Data file ..\data\training_Data.csv not found.
2023-11-11 22:16:07,797:ERROR:Configuration file ../data/config.json not found.
2023-11-11 22:17:54,614:ERROR:Configuration file ../data/config.json not found.
2023-11-11 22:18:51,928:ERROR:Data file ..\data\training_Data.csv not found.
2023-11-11 22:19:02,610:ERROR:Configuration file ../data/config.json not found.
2023-11-11 22:22:37,958:ERROR:Configuration file ../data/config.json not found.
2023-11-11 22:22:57,487:ERROR:Configuration file ../data/config.json not found.
2023-11-11 22:22:57,488:ERROR:Data file ..\data\training_Data.csv not found.
2023-11-11 22:23:32,875:ERROR:Configuration file ../data/config.json not found.
2023-11-11 22:23:51,004:ERROR:Configuration file ../data/config.json not found.
2023-11-11 22:24:14,034:ERROR:Configuration file ../data/config.json not found.
2023-11-11 22:24:47,817:ERROR:Configuration file ../data/config.json not found.
2023-11-11 22:25:35,303:ERROR:Configuration file ../data/config.json not found.
2023-11-11 22:40:00,980:INFO:Best model saved to output\AiSavingsModel_Bayes.pkl
2023-11-11 22:40:00,981:INFO:Best parameters saved to output\AiSavingModelParams_Bayes.txt
2023-11-11 22:40:00,985:INFO:Search results saved to output\bayes_search_results.csv
2023-11-11 22:40:01,068:INFO:Evaluation Metrics:
Mean Squared Error: 0.0006232469156614244
Mean Absolute Error: 0.01630740600931345
Root Mean Squared Error: 0.024964913692248656
R-Squared: 0.9999999124945804
Explained Variance Score: 0.9999999173199615
2023-11-11 22:40:01,090:INFO:Mean Squared Error: 0.0006232469156614244
2023-11-11 22:40:01,090:INFO:Mean Absolute Error: 0.01630740600931345
2023-11-11 22:40:01,090:INFO:Root Mean Squared Error: 0.024964913692248656
2023-11-11 22:40:01,090:INFO:R-Squared: 0.9999999124945804
2023-11-11 22:40:01,090:INFO:Explained Variance Score: 0.9999999173199615
2023-11-11 23:02:52,040:INFO:Best model saved to output\AiSavingsModel_Bayes.pkl
2023-11-11 23:02:52,041:INFO:Best parameters saved to output\AiSavingModelParams_Bayes.txt
2023-11-11 23:02:52,045:INFO:Search results saved to output\bayes_search_results.csv
2023-11-11 23:02:52,157:INFO:Evaluation Metrics:
Mean Squared Error: 0.0005422212128871102
Mean Absolute Error: 0.011105984654099293
Root Mean Squared Error: 0.02328564392253541
R-Squared: 0.999999923870791
Explained Variance Score: 0.9999999290873856
2023-11-11 23:02:52,184:INFO:Mean Squared Error: 0.0005422212128871102
2023-11-11 23:02:52,185:INFO:Mean Absolute Error: 0.011105984654099293
2023-11-11 23:02:52,185:INFO:Root Mean Squared Error: 0.02328564392253541
2023-11-11 23:02:52,185:INFO:R-Squared: 0.999999923870791
2023-11-11 23:02:52,185:INFO:Explained Variance Score: 0.9999999290873856
2023-11-11 23:03:12,198:INFO:Learning curve saved to output\plots\learning_curve.png
2023-11-11 23:03:12,237:INFO:Learning curve saved to output\plots\learning_curve.png
2023-11-11 23:03:12,463:INFO:Residual plot saved to residual_plot_1.png
2023-11-11 23:03:12,527:INFO:Residual plot saved to residual_plot_1.png
2023-11-11 23:03:13,300:INFO:ONNX model saved to output\AiSavingsModel.onnx
2023-11-12 17:33:05,576:INFO:Best model saved to output\AiSavingsModel_Bayes.pkl
2023-11-12 17:33:05,577:INFO:Best parameters saved to output\AiSavingModelParams_Bayes.txt
2023-11-12 17:33:05,582:INFO:Search results saved to output\bayes_search_results.csv
2023-11-12 17:33:05,594:INFO:Evaluation Metrics:
Mean Squared Error: 2061.2512195189274
Mean Absolute Error: 21.460816284619664
Root Mean Squared Error: 45.40100460913753
R-Squared: 0.7105951939329169
Explained Variance Score: 0.7108166921575192
2023-11-12 17:33:05,597:INFO:Mean Squared Error: 2061.2512195189274
2023-11-12 17:33:05,597:INFO:Mean Absolute Error: 21.460816284619664
2023-11-12 17:33:05,597:INFO:Root Mean Squared Error: 45.40100460913753
2023-11-12 17:33:05,597:INFO:R-Squared: 0.7105951939329169
2023-11-12 17:33:05,597:INFO:Explained Variance Score: 0.7108166921575192
2023-11-12 17:33:07,467:INFO:Learning curve saved to output\plots\learning_curve.png
2023-11-12 17:33:07,508:INFO:Learning curve saved to output\plots\learning_curve.png
2023-11-12 17:33:07,608:INFO:Residual plot saved to residual_plot_1.png
2023-11-12 17:33:07,671:INFO:Residual plot saved to residual_plot_1.png
2023-11-12 17:33:07,685:INFO:ONNX model saved to output\AiSavingsModel.onnx
2023-11-12 18:01:27,659:INFO:Best model saved to output\AiSavingsModel_Bayes.pkl
2023-11-12 18:01:27,659:INFO:Best parameters saved to output\AiSavingModelParams_Bayes.txt
2023-11-12 18:01:27,662:INFO:Search results saved to output\bayes_search_results.csv
2023-11-12 18:01:27,773:INFO:Evaluation Metrics:
Mean Squared Error: 0.0007983248919593053
Mean Absolute Error: 0.020958824957918298
Root Mean Squared Error: 0.02825464372380769
R-Squared: 0.9999998879131964
Explained Variance Score: 0.9999998933708886
2023-11-12 18:01:27,801:INFO:Mean Squared Error: 0.0007983248919593053
2023-11-12 18:01:27,801:INFO:Mean Absolute Error: 0.020958824957918298
2023-11-12 18:01:27,801:INFO:Root Mean Squared Error: 0.02825464372380769
2023-11-12 18:01:27,801:INFO:R-Squared: 0.9999998879131964
2023-11-12 18:01:27,801:INFO:Explained Variance Score: 0.9999998933708886
2023-11-12 18:01:47,064:INFO:Learning curve saved to output\plots\learning_curve.png
2023-11-12 18:01:47,107:INFO:Learning curve saved to output\plots\learning_curve.png
2023-11-12 18:01:47,325:INFO:Residual plot saved to residual_plot_1.png
2023-11-12 18:01:47,385:INFO:Residual plot saved to residual_plot_1.png
2023-11-12 18:01:48,589:INFO:ONNX model saved to output\AiSavingsModel.onnx
2023-11-12 18:10:07,515:INFO:Best model saved to output\AiSavingsModel_Bayes.pkl
2023-11-12 18:10:07,515:INFO:Best parameters saved to output\AiSavingModelParams_Bayes.txt
2023-11-12 18:10:07,518:INFO:Search results saved to output\bayes_search_results.csv
2023-11-12 18:10:07,561:INFO:Evaluation Metrics:
Mean Squared Error: 2072.3320181474223
Mean Absolute Error: 21.581622346446505
Root Mean Squared Error: 45.52287357084812
R-Squared: 0.7090394222017562
Explained Variance Score: 0.7092766409225704
2023-11-12 18:10:07,573:INFO:Mean Squared Error: 2072.3320181474223
2023-11-12 18:10:07,573:INFO:Mean Absolute Error: 21.581622346446505
2023-11-12 18:10:07,573:INFO:Root Mean Squared Error: 45.52287357084812
2023-11-12 18:10:07,573:INFO:R-Squared: 0.7090394222017562
2023-11-12 18:10:07,573:INFO:Explained Variance Score: 0.7092766409225704
2023-11-12 18:10:15,989:INFO:Learning curve saved to output\plots\learning_curve.png
2023-11-12 18:10:16,029:INFO:Learning curve saved to output\plots\learning_curve.png
2023-11-12 18:10:16,158:INFO:Residual plot saved to residual_plot_1.png
2023-11-12 18:10:16,218:INFO:Residual plot saved to residual_plot_1.png
2023-11-12 18:10:16,265:INFO:ONNX model saved to output\AiSavingsModel.onnx
2023-11-13 10:44:25,932:INFO:Best model saved to output\AiSavingsModel_Bayes.pkl
2023-11-13 10:44:25,933:INFO:Best parameters saved to output\AiSavingModelParams_Bayes.txt
2023-11-13 10:44:25,937:INFO:Search results saved to output\bayes_search_results.csv
2023-11-13 10:44:25,968:INFO:Evaluation Metrics:
Mean Squared Error: 2065.5395578875496
Mean Absolute Error: 21.349841351528127
Root Mean Squared Error: 45.448207422158575
R-Squared: 0.7099931005431501
Explained Variance Score: 0.7101878671858088
2023-11-13 10:44:25,976:INFO:Mean Squared Error: 2065.5395578875496
2023-11-13 10:44:25,976:INFO:Mean Absolute Error: 21.349841351528127
2023-11-13 10:44:25,976:INFO:Root Mean Squared Error: 45.448207422158575
2023-11-13 10:44:25,977:INFO:R-Squared: 0.7099931005431501
2023-11-13 10:44:25,977:INFO:Explained Variance Score: 0.7101878671858088
2023-11-13 10:44:32,281:INFO:Learning curve saved to output\plots\learning_curve.png
2023-11-13 10:44:32,325:INFO:Learning curve saved to output\plots\learning_curve.png
2023-11-13 10:44:32,445:INFO:Residual plot saved to residual_plot_1.png
2023-11-13 10:44:32,505:INFO:Residual plot saved to residual_plot_1.png
2023-11-13 10:44:32,541:INFO:ONNX model saved to output\AiSavingsModel_1.onnx
2023-11-13 12:48:21,717:INFO:Best model saved to output\AiSavingsModel_Bayes.pkl
2023-11-13 12:48:21,718:INFO:Best parameters saved to output\AiSavingModelParams_Bayes.txt
2023-11-13 12:48:21,722:INFO:Search results saved to output\bayes_search_results.csv
2023-11-13 12:48:21,741:INFO:Evaluation Metrics:
Mean Squared Error: 2074.9131180723343
Mean Absolute Error: 21.39698698620372
Root Mean Squared Error: 45.55121423268906
R-Squared: 0.7086770293424408
Explained Variance Score: 0.7089008132202772
2023-11-13 12:48:21,745:INFO:Mean Squared Error: 2074.9131180723343
2023-11-13 12:48:21,745:INFO:Mean Absolute Error: 21.39698698620372
2023-11-13 12:48:21,745:INFO:Root Mean Squared Error: 45.55121423268906
2023-11-13 12:48:21,745:INFO:R-Squared: 0.7086770293424408
2023-11-13 12:48:21,745:INFO:Explained Variance Score: 0.7089008132202772
2023-11-13 12:48:25,170:INFO:Learning curve saved to output\plots\learning_curve.png
2023-11-13 12:48:25,211:INFO:Learning curve saved to output\plots\learning_curve.png
2023-11-13 12:48:25,315:INFO:Residual plot saved to residual_plot_1.png
2023-11-13 12:48:25,375:INFO:Residual plot saved to residual_plot_1.png
2023-11-13 12:48:25,398:INFO:ONNX model saved to output\AiSavingsModel_1.onnx
